0 info it worked if it ends with ok
1 verbose cli [ '/usr/local/bin/node', '/usr/local/bin/npm', 'run', 'example' ]
2 info using npm@3.10.10
3 info using node@v6.11.4
4 verbose run-script [ 'preexample', 'example', 'postexample' ]
5 info lifecycle tiny_Tines@1.0.0~preexample: tiny_Tines@1.0.0
6 silly lifecycle tiny_Tines@1.0.0~preexample: no script for preexample, continuing
7 info lifecycle tiny_Tines@1.0.0~example: tiny_Tines@1.0.0
8 verbose lifecycle tiny_Tines@1.0.0~example: unsafe-perm in lifecycle true
9 verbose lifecycle tiny_Tines@1.0.0~example: PATH: /usr/local/lib/node_modules/npm/bin/node-gyp-bin:/Users/nikhilwali/Documents/Git/tiny-tines/node_modules/.bin:/Users/nikhilwali/.rvm/gems/ruby-2.3.1/bin:/Users/nikhilwali/.rvm/gems/ruby-2.3.1@global/bin:/Users/nikhilwali/.rvm/rubies/ruby-2.3.1/bin:/usr/local/bin:/usr/bin:/bin:/usr/sbin:/sbin:/usr/local/MacGPG2/bin:/Users/nikhilwali/.rvm/bin
10 verbose lifecycle tiny_Tines@1.0.0~example: CWD: /Users/nikhilwali/Documents/Git/tiny-tines
11 silly lifecycle tiny_Tines@1.0.0~example: Args: [ '-c', 'node bin/index.js stubs/tiny-tines-sunset.json' ]
12 silly lifecycle tiny_Tines@1.0.0~example: Returned: code: 1  signal: null
13 info lifecycle tiny_Tines@1.0.0~example: Failed to exec example script
14 verbose stack Error: tiny_Tines@1.0.0 example: `node bin/index.js stubs/tiny-tines-sunset.json`
14 verbose stack Exit status 1
14 verbose stack     at EventEmitter.<anonymous> (/usr/local/lib/node_modules/npm/lib/utils/lifecycle.js:255:16)
14 verbose stack     at emitTwo (events.js:106:13)
14 verbose stack     at EventEmitter.emit (events.js:191:7)
14 verbose stack     at ChildProcess.<anonymous> (/usr/local/lib/node_modules/npm/lib/utils/spawn.js:40:14)
14 verbose stack     at emitTwo (events.js:106:13)
14 verbose stack     at ChildProcess.emit (events.js:191:7)
14 verbose stack     at maybeClose (internal/child_process.js:920:16)
14 verbose stack     at Process.ChildProcess._handle.onexit (internal/child_process.js:230:5)
15 verbose pkgid tiny_Tines@1.0.0
16 verbose cwd /Users/nikhilwali/Documents/Git/tiny-tines
17 error Darwin 17.4.0
18 error argv "/usr/local/bin/node" "/usr/local/bin/npm" "run" "example"
19 error node v6.11.4
20 error npm  v3.10.10
21 error code ELIFECYCLE
22 error tiny_Tines@1.0.0 example: `node bin/index.js stubs/tiny-tines-sunset.json`
22 error Exit status 1
23 error Failed at the tiny_Tines@1.0.0 example script 'node bin/index.js stubs/tiny-tines-sunset.json'.
23 error Make sure you have the latest version of node.js and npm installed.
23 error If you do, this is most likely a problem with the tiny_Tines package,
23 error not with npm itself.
23 error Tell the author that this fails on your system:
23 error     node bin/index.js stubs/tiny-tines-sunset.json
23 error You can get information on how to open an issue for this project with:
23 error     npm bugs tiny_Tines
23 error Or if that isn't available, you can get their info via:
23 error     npm owner ls tiny_Tines
23 error There is likely additional logging output above.
24 verbose exit [ 1, true ]
